16:44:24.230 Config: {
	"UseFrontend": false,
	"UseMatchmaker": false,
	"UseHTTPS": false,
	"UseAuthentication": false,
	"LogToFile": true,
	"LogVerbose": true,
	"HomepageFile": "player.html",
	"AdditionalRoutes": {},
	"EnableWebserver": true,
	"MatchmakerAddress": "",
	"MatchmakerPort": "9999",
	"PublicIp": "127.0.0.1",
	"HttpPort": 80,
	"HttpsPort": 443,
	"StreamerPort": 8888,
	"SFUPort": 8889,
	"MaxPlayerCount": -1,
	"peerConnectionOptions": "{ \"iceServers\": [{\"urls\": [\"stun:stun.l.google.com:19302\"]}] }"
}
16:44:24.669 peerConnectionOptions = {"iceServers":[{"urls":["stun:stun.l.google.com:19302"]}]}
16:44:24.673 Running Cirrus - The Pixel Streaming reference implementation signalling server for Unreal Engine 5.1.
16:44:24.808 WebSocket listening for Streamer connections on :8888
16:44:24.809 WebSocket listening for SFU connections on :8889
16:44:24.809 WebSocket listening for Players connections on :80
16:44:24.811 Http listening on *: 80
